[17:14:26.835] Global cache location '/home/shath/.cache/typescript/4.2', safe file path '/home/shath/.nvm/versions/node/v14.16.0/lib/node_modules/typescript/lib/typingSafeList.json', types map path /home/shath/.nvm/versions/node/v14.16.0/lib/node_modules/typescript/lib/typesMap.json
[17:14:26.836] Processing cache location '/home/shath/.cache/typescript/4.2'
[17:14:26.837] Trying to find '/home/shath/.cache/typescript/4.2/package.json'...
[17:14:27.021] Loaded content of '/home/shath/.cache/typescript/4.2/package.json': {"private":true,"dependencies":{"types-registry":"^0.1.614"},"devDependencies":{"@types/accepts":"^1.3.5","@types/ansi-styles":"^3.2.1","@types/anymatch":"^1.3.1","@types/argparse":"^2.0.5","@types/arr-diff":"^4.0.0","@types/arr-union":"^3.1.0","@types/array-unique":"^0.3.0","@types/array.prototype.flatmap":"^1.2.2","@types/asap":"^2.0.0","@types/asn1":"^0.2.0","@types/assert-plus":"^1.0.4","@types/async":"^3.2.5","@types/atob":"^2.1.2","@types/aws4":"^1.5.1","@types/babel__core":"^7.1.12","@types/balanced-match":"^1.0.1","@types/bindings":"^1.5.0","@types/brace-expansion":"^1.1.0","@types/braces":"^3.0.0","@types/bser":"^2.0.0","@types/buffer-crc32":"^0.2.0","@types/buffer-from":"^1.1.0","@types/bytes":"^3.1.0","@types/call-bind":"^1.0.1","@types/caniuse-lite":"^1.0.0","@types/caseless":"^0.12.2","@types/chardet":"^0.8.0","@types/ci-info":"^2.0.0","@types/cli-spinners":"^1.3.0","@types/clone":"^2.1.0","@types/co":"^4.6.2","@types/color-convert":"^2.0.0","@types/color-name":"^1.1.1","@types/color-support":"^1.1.0","@types/combined-stream":"^1.0.2","@types/command-exists":"^1.2.0","@types/commondir":"^1.0.0","@types/component-emitter":"^1.2.10","@types/compressible":"^2.0.0","@types/compression":"^1.7.0","@types/concat-map":"^0.0.0","@types/concat-stream":"^1.6.0","@types/connect":"^3.4.34","@types/convert-source-map":"^1.5.1","@types/core-js":"^2.5.4","@types/cross-spawn":"^6.0.2","@types/cssom":"^0.4.1","@types/cssstyle":"^2.2.1","@types/dashdash":"^1.14.0","@types/data-urls":"^2.0.0","@types/debug":"^4.1.7","@types/decode-uri-component":"^0.2.0","@types/defaults":"^1.0.3","@types/define-properties":"^1.1.3","@types/denodeify":"^1.2.31","@types/depd":"^1.1.32","@types/destroy":"^1.0.0","@types/doctrine":"^0.0.3","@types/domexception":"^2.0.1","@types/ee-first":"^1.1.0","@types/encodeurl":"^1.0.0","@types/end-of-stream":"^1.4.0","@types/errorhandler":"^1.5.0","@types/es-abstract":"^1.17.2","@types/es-to-primitive":"^1.2.4","@types/escape-html":"^1.0.0","@types/escodegen":"^0.0.6","@types/eslint":"^7.2.6","@types/eslint-config-prettier":"^6.11.0","@types/eslint-plugin-prettier":"^3.1.0","@types/eslint-scope":"^3.7.0","@types/eslint-visitor-keys":"^1.0.0","@types/esprima":"^4.0.2","@types/esquery":"^1.0.1","@types/estraverse":"^5.1.0","@types/etag":"^1.8.0","@types/exit":"^0.1.31","@types/extend":"^3.0.1","@types/extsprintf":"^1.4.1","@types/fancy-log":"^1.3.1","@types/fast-levenshtein":"^0.0.1","@types/fast-text-encoding":"^1.0.1","@types/fb-watchman":"^2.0.0","@types/fbjs":"^3.0.0","@types/file-entry-cache":"^5.0.1","@types/finalhandler":"^1.1.0","@types/find-cache-dir":"^3.2.0","@types/flat-cache":"^2.0.0","@types/forever-agent":"^0.6.0","@types/fresh":"^0.5.0","@types/fs-extra":"^9.0.7","@types/function-bind":"^1.1.7","@types/get-caller-file":"^1.0.0","@types/get-intrinsic":"^1.0.0","@types/get-value":"^3.0.1","@types/getpass":"^0.1.0","@types/glob":"^7.1.3","@types/glob-parent":"^5.1.0","@types/graceful-fs":"^4.1.5","@types/has":"^1.0.0","@types/has-symbols":"^1.0.0","@types/hoist-non-react-statics":"^3.3.1","@types/hosted-git-info":"^3.0.1","@types/html-encoding-sniffer":"^2.0.1","@types/html-escaper":"^3.0.0","@types/http-errors":"^1.8.0","@types/imurmurhash":"^0.1.1","@types/inherits":"^0.0.30","@types/inquirer":"^7.3.1","@types/internal-slot":"^1.0.1","@types/invariant":"^2.2.34","@types/ip":"^1.1.0","@types/is-buffer":"^2.0.0","@types/is-callable":"^1.1.0","@types/is-ci":"^2.0.0","@types/is-core-module":"^2.2.0","@types/is-date-object":"^1.0.1","@types/is-glob":"^4.0.1","@types/is-number":"^7.0.1","@types/is-regex":"^1.0.0","@types/is-typedarray":"^1.0.0","@types/is-windows":"^1.0.0","@types/isarray":"^2.0.0","@types/isexe":"^2.0.0","@types/isomorphic-fetch":"^0.0.35","@types/isstream":"^0.1.0","@types/istanbul-lib-coverage":"^2.0.3","@types/istanbul-lib-instrument":"^1.7.4","@types/istanbul-lib-report":"^3.0.0","@types/istanbul-lib-source-maps":"^4.0.1","@types/istanbul-reports":"^3.0.0","@types/js-yaml":"^4.0.0","@types/jsbn":"^1.2.29","@types/jsdom":"^16.2.6","@types/jsesc":"^2.5.1","@types/json-bigint":"^1.0.1","@types/json-parse-better-errors":"^1.0.0","@types/json-schema":"^7.0.7","@types/json-stable-stringify":"^1.0.32","@types/json-stringify-safe":"^5.0.0","@types/jsonfile":"^6.0.0","@types/jwa":"^2.0.0","@types/jws":"^3.2.4","@types/kind-of":"^6.0.0","@types/klaw":"^3.0.1","@types/lodash":"^4.14.168","@types/lodash.debounce":"^4.0.6","@types/lodash.sortby":"^4.7.6","@types/lodash.throttle":"^4.1.6","@types/lru-cache":"^5.1.0","@types/merge-stream":"^1.1.2","@types/micromatch":"^4.0.1","@types/mime":"^2.0.3","@types/mime-db":"^1.43.0","@types/mime-types":"^2.1.0","@types/minimatch":"^3.0.3","@types/minimist":"^1.2.1","@types/mkdirp":"^1.0.1","@types/ms":"^0.7.31","@types/mute-stream":"^0.0.0","@types/natural-compare":"^1.4.0","@types/negotiator":"^0.6.1","@types/nice-try":"^2.1.0","@types/node-fetch":"^2.6.2","@types/node-forge":"^1.0.4","@types/node-int64":"^0.4.29","@types/node-notifier":"^8.0.0","@types/nodemailer":"^6.4.4","@types/normalize-package-data":"^2.4.0","@types/normalize-path":"^3.0.0","@types/object-assign":"^4.0.30","@types/object-inspect":"^1.8.1","@types/object-keys":"^1.0.1","@types/object.fromentries":"^2.0.0","@types/object.pick":"^1.3.0","@types/on-finished":"^2.3.1","@types/on-headers":"^1.0.0","@types/once":"^1.4.0","@types/os-tmpdir":"^1.0.0","@types/parse-json":"^4.0.0","@types/parse5":"^6.0.0","@types/parseurl":"^1.3.1","@types/pascalcase":"^1.0.0","@types/path-is-absolute":"^1.0.0","@types/path-parse":"^1.0.19","@types/picomatch":"^2.2.1","@types/pify":"^5.0.0","@types/plist":"^3.0.2","@types/plugin-error":"^0.1.1","@types/prelude-ls":"^1.1.29","@types/prettier":"^2.2.1","@types/prettier-linter-helpers":"^1.0.0","@types/progress":"^2.0.3","@types/prompts":"^2.0.9","@types/prop-types":"^15.7.3","@types/psl":"^1.1.0","@types/pump":"^1.1.1","@types/punycode":"^2.1.0","@types/qs":"^6.9.7","@types/range-parser":"^1.2.3","@types/react":"^17.0.2","@types/react-dom":"^17.0.1","@types/react-is":"^17.0.0","@types/react-native":"^0.63.50","@types/react-redux":"^7.1.16","@types/react-test-renderer":"^17.0.1","@types/readable-stream":"^2.3.9","@types/regenerator-runtime":"^0.13.0","@types/repeat-element":"^1.1.0","@types/repeat-string":"^1.6.0","@types/request":"^2.48.5","@types/request-promise-native":"^1.0.17","@types/require-directory":"^2.1.1","@types/require-from-string":"^1.2.0","@types/resolve":"^1.20.0","@types/rimraf":"^3.0.0","@types/rsvp":"^4.0.3","@types/rx-lite":"^4.0.6","@types/rx-lite-aggregates":"^4.0.3","@types/safe-regex":"^1.1.2","@types/safer-buffer":"^2.1.0","@types/sane":"^2.0.0","@types/sax":"^1.2.1","@types/scheduler":"^0.16.1","@types/semver":"^7.3.4","@types/send":"^0.14.6","@types/serve-static":"^1.13.9","@types/set-value":"^2.0.0","@types/setimmediate":"^1.0.2","@types/shebang-command":"^1.2.0","@types/shell-quote":"^1.7.0","@types/signal-exit":"^3.0.0","@types/slice-ansi":"^4.0.0","@types/source-map-support":"^0.5.3","@types/spdx-correct":"^2.0.0","@types/spdx-expression-parse":"^3.0.0","@types/sprintf":"^0.1.0","@types/sprintf-js":"^1.1.2","@types/sshpk":"^1.10.5","@types/stack-utils":"^2.0.0","@types/statuses":"^2.0.0","@types/stream-buffers":"^3.0.3","@types/string.prototype.matchall":"^4.0.0","@types/supports-color":"^7.2.0","@types/symbol-tree":"^3.2.1","@types/table":"^6.0.0","@types/temp":"^0.8.34","@types/text-table":"^0.2.1","@types/through":"^0.0.30","@types/through2":"^2.0.36","@types/tmp":"^0.2.0","@types/tough-cookie":"^4.0.0","@types/type-check":"^0.3.27","@types/type-detect":"^4.0.1","@types/ua-parser-js":"^0.7.35","@types/uglify-es":"^3.0.0","@types/universalify":"^1.0.0","@types/urix":"^0.1.0","@types/url-template":"^2.0.28","@types/use-subscription":"^1.0.0","@types/util-deprecate":"^1.0.0","@types/utils-merge":"^0.0.28","@types/uuid":"^8.3.4","@types/validate-npm-package-license":"^3.0.0","@types/vary":"^1.1.0","@types/verror":"^1.10.4","@types/w3c-xmlserializer":"^2.0.1","@types/wcwidth":"^1.0.0","@types/webidl-conversions":"^6.1.1","@types/whatwg-encoding":"^1.0.0","@types/whatwg-mimetype":"^2.1.0","@types/whatwg-url":"^8.2.2","@types/which":"^2.0.0","@types/wordwrap":"^1.0.0","@types/wrap-ansi":"^3.0.0","@types/write-file-atomic":"^3.0.1","@types/ws":"^7.4.0","@types/xmldoc":"^1.1.5","@types/xmldom":"^0.1.30","@types/xtend":"^4.0.3","@types/y18n":"^4.0.0","@types/yallist":"^4.0.1","@types/yargs":"^16.0.0","@types/yargs-parser":"^20.2.0"}}
[17:14:27.022] Loaded content of '/home/shath/.cache/typescript/4.2/package-lock.json'
[17:14:27.138] Adding entry into typings cache: 'accepts' => '/home/shath/.cache/typescript/4.2/node_modules/@types/accepts/index.d.ts'
[17:14:27.143] Adding entry into typings cache: 'ansi-styles' => '/home/shath/.cache/typescript/4.2/node_modules/@types/ansi-styles/index.d.ts'
[17:14:27.204] Adding entry into typings cache: 'anymatch' => '/home/shath/.cache/typescript/4.2/node_modules/@types/anymatch/index.d.ts'
[17:14:27.250] Adding entry into typings cache: 'argparse' => '/home/shath/.cache/typescript/4.2/node_modules/@types/argparse/index.d.ts'
[17:14:27.284] Adding entry into typings cache: 'arr-diff' => '/home/shath/.cache/typescript/4.2/node_modules/@types/arr-diff/index.d.ts'
[17:14:27.323] Adding entry into typings cache: 'arr-union' => '/home/shath/.cache/typescript/4.2/node_modules/@types/arr-union/index.d.ts'
[17:14:27.346] Adding entry into typings cache: 'array-unique' => '/home/shath/.cache/typescript/4.2/node_modules/@types/array-unique/index.d.ts'
[17:14:27.363] Adding entry into typings cache: 'array.prototype.flatmap' => '/home/shath/.cache/typescript/4.2/node_modules/@types/array.prototype.flatmap/index.d.ts'
[17:14:27.371] Adding entry into typings cache: 'asap' => '/home/shath/.cache/typescript/4.2/node_modules/@types/asap/index.d.ts'
[17:14:27.449] Adding entry into typings cache: 'asn1' => '/home/shath/.cache/typescript/4.2/node_modules/@types/asn1/index.d.ts'
[17:14:27.488] Adding entry into typings cache: 'assert-plus' => '/home/shath/.cache/typescript/4.2/node_modules/@types/assert-plus/index.d.ts'
[17:14:27.656] Adding entry into typings cache: 'async' => '/home/shath/.cache/typescript/4.2/node_modules/@types/async/index.d.ts'
[17:14:27.708] Adding entry into typings cache: 'atob' => '/home/shath/.cache/typescript/4.2/node_modules/@types/atob/index.d.ts'
[17:14:27.754] Adding entry into typings cache: 'aws4' => '/home/shath/.cache/typescript/4.2/node_modules/@types/aws4/index.d.ts'
[17:14:27.799] Adding entry into typings cache: 'babel__core' => '/home/shath/.cache/typescript/4.2/node_modules/@types/babel__core/index.d.ts'
[17:14:27.836] Adding entry into typings cache: 'balanced-match' => '/home/shath/.cache/typescript/4.2/node_modules/@types/balanced-match/index.d.ts'
[17:14:27.942] Adding entry into typings cache: 'bindings' => '/home/shath/.cache/typescript/4.2/node_modules/@types/bindings/index.d.ts'
[17:14:28.008] Adding entry into typings cache: 'brace-expansion' => '/home/shath/.cache/typescript/4.2/node_modules/@types/brace-expansion/index.d.ts'
[17:14:28.092] Adding entry into typings cache: 'braces' => '/home/shath/.cache/typescript/4.2/node_modules/@types/braces/index.d.ts'
[17:14:28.158] Adding entry into typings cache: 'bser' => '/home/shath/.cache/typescript/4.2/node_modules/@types/bser/index.d.ts'
[17:14:28.195] Adding entry into typings cache: 'buffer-crc32' => '/home/shath/.cache/typescript/4.2/node_modules/@types/buffer-crc32/index.d.ts'
[17:14:28.210] Adding entry into typings cache: 'buffer-from' => '/home/shath/.cache/typescript/4.2/node_modules/@types/buffer-from/index.d.ts'
[17:14:28.265] Adding entry into typings cache: 'bytes' => '/home/shath/.cache/typescript/4.2/node_modules/@types/bytes/index.d.ts'
[17:14:28.336] Adding entry into typings cache: 'call-bind' => '/home/shath/.cache/typescript/4.2/node_modules/@types/call-bind/index.d.ts'
[17:14:28.400] Adding entry into typings cache: 'caniuse-lite' => '/home/shath/.cache/typescript/4.2/node_modules/@types/caniuse-lite/index.d.ts'
[17:14:28.436] Adding entry into typings cache: 'caseless' => '/home/shath/.cache/typescript/4.2/node_modules/@types/caseless/index.d.ts'
[17:14:28.444] Adding entry into typings cache: 'chardet' => '/home/shath/.cache/typescript/4.2/node_modules/@types/chardet/index.d.ts'
[17:14:28.470] Adding entry into typings cache: 'ci-info' => '/home/shath/.cache/typescript/4.2/node_modules/@types/ci-info/index.d.ts'
[17:14:28.496] Adding entry into typings cache: 'cli-spinners' => '/home/shath/.cache/typescript/4.2/node_modules/@types/cli-spinners/index.d.ts'
[17:14:28.505] Adding entry into typings cache: 'clone' => '/home/shath/.cache/typescript/4.2/node_modules/@types/clone/index.d.ts'
[17:14:28.514] Adding entry into typings cache: 'co' => '/home/shath/.cache/typescript/4.2/node_modules/@types/co/index.d.ts'
[17:14:28.559] Adding entry into typings cache: 'color-convert' => '/home/shath/.cache/typescript/4.2/node_modules/@types/color-convert/index.d.ts'
[17:14:28.563] Adding entry into typings cache: 'color-name' => '/home/shath/.cache/typescript/4.2/node_modules/@types/color-name/index.d.ts'
[17:14:28.570] Adding entry into typings cache: 'color-support' => '/home/shath/.cache/typescript/4.2/node_modules/@types/color-support/index.d.ts'
[17:14:28.675] Adding entry into typings cache: 'combined-stream' => '/home/shath/.cache/typescript/4.2/node_modules/@types/combined-stream/index.d.ts'
[17:14:28.701] Adding entry into typings cache: 'command-exists' => '/home/shath/.cache/typescript/4.2/node_modules/@types/command-exists/index.d.ts'
[17:14:28.713] Adding entry into typings cache: 'commondir' => '/home/shath/.cache/typescript/4.2/node_modules/@types/commondir/index.d.ts'
[17:14:28.716] Adding entry into typings cache: 'component-emitter' => '/home/shath/.cache/typescript/4.2/node_modules/@types/component-emitter/index.d.ts'
[17:14:28.718] Adding entry into typings cache: 'compressible' => '/home/shath/.cache/typescript/4.2/node_modules/@types/compressible/index.d.ts'
[17:14:28.724] Adding entry into typings cache: 'compression' => '/home/shath/.cache/typescript/4.2/node_modules/@types/compression/index.d.ts'
[17:14:28.730] Adding entry into typings cache: 'concat-map' => '/home/shath/.cache/typescript/4.2/node_modules/@types/concat-map/index.d.ts'
[17:14:28.783] Adding entry into typings cache: 'concat-stream' => '/home/shath/.cache/typescript/4.2/node_modules/@types/concat-stream/index.d.ts'
[17:14:28.804] Adding entry into typings cache: 'connect' => '/home/shath/.cache/typescript/4.2/node_modules/@types/connect/index.d.ts'
[17:14:28.815] Adding entry into typings cache: 'convert-source-map' => '/home/shath/.cache/typescript/4.2/node_modules/@types/convert-source-map/index.d.ts'
[17:14:28.877] Adding entry into typings cache: 'core-js' => '/home/shath/.cache/typescript/4.2/node_modules/@types/core-js/index.d.ts'
[17:14:28.883] Adding entry into typings cache: 'cross-spawn' => '/home/shath/.cache/typescript/4.2/node_modules/@types/cross-spawn/index.d.ts'
[17:14:28.897] Adding entry into typings cache: 'cssom' => '/home/shath/.cache/typescript/4.2/node_modules/@types/cssom/index.d.ts'
[17:14:28.909] Adding entry into typings cache: 'cssstyle' => '/home/shath/.cache/typescript/4.2/node_modules/@types/cssstyle/index.d.ts'
[17:14:28.927] Adding entry into typings cache: 'dashdash' => '/home/shath/.cache/typescript/4.2/node_modules/@types/dashdash/index.d.ts'
[17:14:28.936] Adding entry into typings cache: 'data-urls' => '/home/shath/.cache/typescript/4.2/node_modules/@types/data-urls/index.d.ts'
[17:14:28.965] Adding entry into typings cache: 'debug' => '/home/shath/.cache/typescript/4.2/node_modules/@types/debug/index.d.ts'
[17:14:28.978] Adding entry into typings cache: 'decode-uri-component' => '/home/shath/.cache/typescript/4.2/node_modules/@types/decode-uri-component/index.d.ts'
[17:14:28.999] Adding entry into typings cache: 'defaults' => '/home/shath/.cache/typescript/4.2/node_modules/@types/defaults/index.d.ts'
[17:14:29.021] Adding entry into typings cache: 'define-properties' => '/home/shath/.cache/typescript/4.2/node_modules/@types/define-properties/index.d.ts'
[17:14:29.037] Adding entry into typings cache: 'denodeify' => '/home/shath/.cache/typescript/4.2/node_modules/@types/denodeify/index.d.ts'
[17:14:29.044] Adding entry into typings cache: 'depd' => '/home/shath/.cache/typescript/4.2/node_modules/@types/depd/index.d.ts'
[17:14:29.047] Adding entry into typings cache: 'destroy' => '/home/shath/.cache/typescript/4.2/node_modules/@types/destroy/index.d.ts'
[17:14:29.081] Adding entry into typings cache: 'doctrine' => '/home/shath/.cache/typescript/4.2/node_modules/@types/doctrine/index.d.ts'
[17:14:29.100] Adding entry into typings cache: 'domexception' => '/home/shath/.cache/typescript/4.2/node_modules/@types/domexception/index.d.ts'
[17:14:29.114] Adding entry into typings cache: 'ee-first' => '/home/shath/.cache/typescript/4.2/node_modules/@types/ee-first/index.d.ts'
[17:14:29.153] Adding entry into typings cache: 'encodeurl' => '/home/shath/.cache/typescript/4.2/node_modules/@types/encodeurl/index.d.ts'
[17:14:29.178] Adding entry into typings cache: 'end-of-stream' => '/home/shath/.cache/typescript/4.2/node_modules/@types/end-of-stream/index.d.ts'
[17:14:29.203] Adding entry into typings cache: 'errorhandler' => '/home/shath/.cache/typescript/4.2/node_modules/@types/errorhandler/index.d.ts'
[17:14:29.255] Adding entry into typings cache: 'es-abstract' => '/home/shath/.cache/typescript/4.2/node_modules/@types/es-abstract/index.d.ts'
[17:14:29.291] Adding entry into typings cache: 'es-to-primitive' => '/home/shath/.cache/typescript/4.2/node_modules/@types/es-to-primitive/index.d.ts'
[17:14:29.310] Adding entry into typings cache: 'escape-html' => '/home/shath/.cache/typescript/4.2/node_modules/@types/escape-html/index.d.ts'
[17:14:29.373] Adding entry into typings cache: 'escodegen' => '/home/shath/.cache/typescript/4.2/node_modules/@types/escodegen/index.d.ts'
[17:14:29.423] Adding entry into typings cache: 'eslint' => '/home/shath/.cache/typescript/4.2/node_modules/@types/eslint/index.d.ts'
[17:14:29.508] Adding entry into typings cache: 'eslint-config-prettier' => '/home/shath/.cache/typescript/4.2/node_modules/@types/eslint-config-prettier/index.d.ts'
[17:14:29.513] Adding entry into typings cache: 'eslint-plugin-prettier' => '/home/shath/.cache/typescript/4.2/node_modules/@types/eslint-plugin-prettier/index.d.ts'
[17:14:29.534] Adding entry into typings cache: 'eslint-scope' => '/home/shath/.cache/typescript/4.2/node_modules/@types/eslint-scope/index.d.ts'
[17:14:29.540] Adding entry into typings cache: 'eslint-visitor-keys' => '/home/shath/.cache/typescript/4.2/node_modules/@types/eslint-visitor-keys/index.d.ts'
[17:14:29.566] Adding entry into typings cache: 'esprima' => '/home/shath/.cache/typescript/4.2/node_modules/@types/esprima/index.d.ts'
[17:14:29.570] Adding entry into typings cache: 'esquery' => '/home/shath/.cache/typescript/4.2/node_modules/@types/esquery/index.d.ts'
[17:14:29.593] Adding entry into typings cache: 'estraverse' => '/home/shath/.cache/typescript/4.2/node_modules/@types/estraverse/index.d.ts'
[17:14:29.599] Adding entry into typings cache: 'etag' => '/home/shath/.cache/typescript/4.2/node_modules/@types/etag/index.d.ts'
[17:14:29.605] Adding entry into typings cache: 'exit' => '/home/shath/.cache/typescript/4.2/node_modules/@types/exit/index.d.ts'
[17:14:29.622] Adding entry into typings cache: 'extend' => '/home/shath/.cache/typescript/4.2/node_modules/@types/extend/index.d.ts'
[17:14:29.641] Adding entry into typings cache: 'extsprintf' => '/home/shath/.cache/typescript/4.2/node_modules/@types/extsprintf/index.d.ts'
[17:14:29.656] Adding entry into typings cache: 'fancy-log' => '/home/shath/.cache/typescript/4.2/node_modules/@types/fancy-log/index.d.ts'
[17:14:29.710] Adding entry into typings cache: 'fast-levenshtein' => '/home/shath/.cache/typescript/4.2/node_modules/@types/fast-levenshtein/index.d.ts'
[17:14:29.763] Adding entry into typings cache: 'fast-text-encoding' => '/home/shath/.cache/typescript/4.2/node_modules/@types/fast-text-encoding/index.d.ts'
[17:14:29.814] Adding entry into typings cache: 'fb-watchman' => '/home/shath/.cache/typescript/4.2/node_modules/@types/fb-watchman/index.d.ts'
[17:14:29.911] Adding entry into typings cache: 'fbjs' => '/home/shath/.cache/typescript/4.2/node_modules/@types/fbjs/index.d.ts'
[17:14:29.921] Adding entry into typings cache: 'file-entry-cache' => '/home/shath/.cache/typescript/4.2/node_modules/@types/file-entry-cache/index.d.ts'
[17:14:29.944] Adding entry into typings cache: 'finalhandler' => '/home/shath/.cache/typescript/4.2/node_modules/@types/finalhandler/index.d.ts'
[17:14:29.971] Adding entry into typings cache: 'find-cache-dir' => '/home/shath/.cache/typescript/4.2/node_modules/@types/find-cache-dir/index.d.ts'
[17:14:30.380] Adding entry into typings cache: 'flat-cache' => '/home/shath/.cache/typescript/4.2/node_modules/@types/flat-cache/index.d.ts'
[17:14:30.433] Adding entry into typings cache: 'forever-agent' => '/home/shath/.cache/typescript/4.2/node_modules/@types/forever-agent/index.d.ts'
[17:14:30.509] Adding entry into typings cache: 'fresh' => '/home/shath/.cache/typescript/4.2/node_modules/@types/fresh/index.d.ts'
[17:14:30.518] Adding entry into typings cache: 'fs-extra' => '/home/shath/.cache/typescript/4.2/node_modules/@types/fs-extra/index.d.ts'
[17:14:30.779] Adding entry into typings cache: 'function-bind' => '/home/shath/.cache/typescript/4.2/node_modules/@types/function-bind/index.d.ts'
[17:14:30.916] Adding entry into typings cache: 'get-caller-file' => '/home/shath/.cache/typescript/4.2/node_modules/@types/get-caller-file/index.d.ts'
[17:14:30.974] Adding entry into typings cache: 'get-intrinsic' => '/home/shath/.cache/typescript/4.2/node_modules/@types/get-intrinsic/index.d.ts'
[17:14:31.049] Adding entry into typings cache: 'get-value' => '/home/shath/.cache/typescript/4.2/node_modules/@types/get-value/index.d.ts'
[17:14:31.449] Adding entry into typings cache: 'getpass' => '/home/shath/.cache/typescript/4.2/node_modules/@types/getpass/index.d.ts'
[17:14:31.740] Adding entry into typings cache: 'glob' => '/home/shath/.cache/typescript/4.2/node_modules/@types/glob/index.d.ts'
[17:14:32.103] Adding entry into typings cache: 'glob-parent' => '/home/shath/.cache/typescript/4.2/node_modules/@types/glob-parent/index.d.ts'
[17:14:32.336] Adding entry into typings cache: 'graceful-fs' => '/home/shath/.cache/typescript/4.2/node_modules/@types/graceful-fs/index.d.ts'
[17:14:32.514] Adding entry into typings cache: 'has' => '/home/shath/.cache/typescript/4.2/node_modules/@types/has/index.d.ts'
[17:14:32.758] Adding entry into typings cache: 'has-symbols' => '/home/shath/.cache/typescript/4.2/node_modules/@types/has-symbols/index.d.ts'
[17:14:33.434] Adding entry into typings cache: 'hoist-non-react-statics' => '/home/shath/.cache/typescript/4.2/node_modules/@types/hoist-non-react-statics/index.d.ts'
[17:14:33.546] Adding entry into typings cache: 'hosted-git-info' => '/home/shath/.cache/typescript/4.2/node_modules/@types/hosted-git-info/index.d.ts'
[17:14:33.626] Adding entry into typings cache: 'html-encoding-sniffer' => '/home/shath/.cache/typescript/4.2/node_modules/@types/html-encoding-sniffer/index.d.ts'
[17:14:33.697] Adding entry into typings cache: 'html-escaper' => '/home/shath/.cache/typescript/4.2/node_modules/@types/html-escaper/index.d.ts'
[17:14:33.806] Adding entry into typings cache: 'http-errors' => '/home/shath/.cache/typescript/4.2/node_modules/@types/http-errors/index.d.ts'
[17:14:33.917] Adding entry into typings cache: 'imurmurhash' => '/home/shath/.cache/typescript/4.2/node_modules/@types/imurmurhash/index.d.ts'
[17:14:33.993] Adding entry into typings cache: 'inherits' => '/home/shath/.cache/typescript/4.2/node_modules/@types/inherits/index.d.ts'
[17:14:34.040] Adding entry into typings cache: 'inquirer' => '/home/shath/.cache/typescript/4.2/node_modules/@types/inquirer/index.d.ts'
[17:14:34.079] Adding entry into typings cache: 'internal-slot' => '/home/shath/.cache/typescript/4.2/node_modules/@types/internal-slot/index.d.ts'
[17:14:34.262] Adding entry into typings cache: 'invariant' => '/home/shath/.cache/typescript/4.2/node_modules/@types/invariant/index.d.ts'
[17:14:34.281] Adding entry into typings cache: 'ip' => '/home/shath/.cache/typescript/4.2/node_modules/@types/ip/index.d.ts'
[17:14:34.425] Adding entry into typings cache: 'is-buffer' => '/home/shath/.cache/typescript/4.2/node_modules/@types/is-buffer/index.d.ts'
[17:14:34.552] Adding entry into typings cache: 'is-callable' => '/home/shath/.cache/typescript/4.2/node_modules/@types/is-callable/index.d.ts'
[17:14:34.639] Adding entry into typings cache: 'is-ci' => '/home/shath/.cache/typescript/4.2/node_modules/@types/is-ci/index.d.ts'
[17:14:34.695] Adding entry into typings cache: 'is-core-module' => '/home/shath/.cache/typescript/4.2/node_modules/@types/is-core-module/index.d.ts'
[17:14:34.745] Adding entry into typings cache: 'is-date-object' => '/home/shath/.cache/typescript/4.2/node_modules/@types/is-date-object/index.d.ts'
[17:14:34.788] Adding entry into typings cache: 'is-glob' => '/home/shath/.cache/typescript/4.2/node_modules/@types/is-glob/index.d.ts'
[17:14:34.856] Adding entry into typings cache: 'is-number' => '/home/shath/.cache/typescript/4.2/node_modules/@types/is-number/index.d.ts'
[17:14:34.897] Adding entry into typings cache: 'is-regex' => '/home/shath/.cache/typescript/4.2/node_modules/@types/is-regex/index.d.ts'
[17:14:34.949] Adding entry into typings cache: 'is-typedarray' => '/home/shath/.cache/typescript/4.2/node_modules/@types/is-typedarray/index.d.ts'
[17:14:35.021] Adding entry into typings cache: 'is-windows' => '/home/shath/.cache/typescript/4.2/node_modules/@types/is-windows/index.d.ts'
[17:14:35.064] Adding entry into typings cache: 'isarray' => '/home/shath/.cache/typescript/4.2/node_modules/@types/isarray/index.d.ts'
[17:14:35.497] Adding entry into typings cache: 'isexe' => '/home/shath/.cache/typescript/4.2/node_modules/@types/isexe/index.d.ts'
[17:14:35.646] Adding entry into typings cache: 'isomorphic-fetch' => '/home/shath/.cache/typescript/4.2/node_modules/@types/isomorphic-fetch/index.d.ts'
[17:14:35.719] Adding entry into typings cache: 'isstream' => '/home/shath/.cache/typescript/4.2/node_modules/@types/isstream/index.d.ts'
[17:14:35.775] Adding entry into typings cache: 'istanbul-lib-coverage' => '/home/shath/.cache/typescript/4.2/node_modules/@types/istanbul-lib-coverage/index.d.ts'
[17:14:35.977] Adding entry into typings cache: 'istanbul-lib-instrument' => '/home/shath/.cache/typescript/4.2/node_modules/@types/istanbul-lib-instrument/index.d.ts'
[17:14:36.032] Adding entry into typings cache: 'istanbul-lib-report' => '/home/shath/.cache/typescript/4.2/node_modules/@types/istanbul-lib-report/index.d.ts'
[17:14:36.136] Adding entry into typings cache: 'istanbul-lib-source-maps' => '/home/shath/.cache/typescript/4.2/node_modules/@types/istanbul-lib-source-maps/index.d.ts'
[17:14:36.157] Adding entry into typings cache: 'istanbul-reports' => '/home/shath/.cache/typescript/4.2/node_modules/@types/istanbul-reports/index.d.ts'
[17:14:36.194] Adding entry into typings cache: 'js-yaml' => '/home/shath/.cache/typescript/4.2/node_modules/@types/js-yaml/index.d.ts'
[17:14:36.285] Adding entry into typings cache: 'jsbn' => '/home/shath/.cache/typescript/4.2/node_modules/@types/jsbn/index.d.ts'
[17:14:36.435] Adding entry into typings cache: 'jsdom' => '/home/shath/.cache/typescript/4.2/node_modules/@types/jsdom/index.d.ts'
[17:14:36.529] Adding entry into typings cache: 'jsesc' => '/home/shath/.cache/typescript/4.2/node_modules/@types/jsesc/index.d.ts'
[17:14:36.638] Adding entry into typings cache: 'json-bigint' => '/home/shath/.cache/typescript/4.2/node_modules/@types/json-bigint/index.d.ts'
[17:14:36.662] Adding entry into typings cache: 'json-parse-better-errors' => '/home/shath/.cache/typescript/4.2/node_modules/@types/json-parse-better-errors/index.d.ts'
[17:14:36.723] Adding entry into typings cache: 'json-schema' => '/home/shath/.cache/typescript/4.2/node_modules/@types/json-schema/index.d.ts'
[17:14:36.984] Adding entry into typings cache: 'json-stable-stringify' => '/home/shath/.cache/typescript/4.2/node_modules/@types/json-stable-stringify/index.d.ts'
[17:14:37.230] Adding entry into typings cache: 'json-stringify-safe' => '/home/shath/.cache/typescript/4.2/node_modules/@types/json-stringify-safe/index.d.ts'
[17:14:37.449] Adding entry into typings cache: 'jsonfile' => '/home/shath/.cache/typescript/4.2/node_modules/@types/jsonfile/index.d.ts'
[17:14:37.596] Adding entry into typings cache: 'jwa' => '/home/shath/.cache/typescript/4.2/node_modules/@types/jwa/index.d.ts'
[17:14:37.679] Adding entry into typings cache: 'jws' => '/home/shath/.cache/typescript/4.2/node_modules/@types/jws/index.d.ts'
[17:14:37.816] Adding entry into typings cache: 'kind-of' => '/home/shath/.cache/typescript/4.2/node_modules/@types/kind-of/index.d.ts'
[17:14:37.851] Adding entry into typings cache: 'klaw' => '/home/shath/.cache/typescript/4.2/node_modules/@types/klaw/index.d.ts'
[17:14:38.172] Adding entry into typings cache: 'lodash' => '/home/shath/.cache/typescript/4.2/node_modules/@types/lodash/index.d.ts'
[17:14:38.227] Adding entry into typings cache: 'lodash.debounce' => '/home/shath/.cache/typescript/4.2/node_modules/@types/lodash.debounce/index.d.ts'
[17:14:38.280] Adding entry into typings cache: 'lodash.sortby' => '/home/shath/.cache/typescript/4.2/node_modules/@types/lodash.sortby/index.d.ts'
[17:14:38.304] Adding entry into typings cache: 'lodash.throttle' => '/home/shath/.cache/typescript/4.2/node_modules/@types/lodash.throttle/index.d.ts'
[17:14:38.400] Adding entry into typings cache: 'lru-cache' => '/home/shath/.cache/typescript/4.2/node_modules/@types/lru-cache/index.d.ts'
[17:14:38.511] Adding entry into typings cache: 'merge-stream' => '/home/shath/.cache/typescript/4.2/node_modules/@types/merge-stream/index.d.ts'
[17:14:38.554] Adding entry into typings cache: 'micromatch' => '/home/shath/.cache/typescript/4.2/node_modules/@types/micromatch/index.d.ts'
[17:14:38.628] Adding entry into typings cache: 'mime' => '/home/shath/.cache/typescript/4.2/node_modules/@types/mime/index.d.ts'
[17:14:38.814] Adding entry into typings cache: 'mime-db' => '/home/shath/.cache/typescript/4.2/node_modules/@types/mime-db/index.d.ts'
[17:14:39.069] Adding entry into typings cache: 'mime-types' => '/home/shath/.cache/typescript/4.2/node_modules/@types/mime-types/index.d.ts'
[17:14:39.201] Adding entry into typings cache: 'minimatch' => '/home/shath/.cache/typescript/4.2/node_modules/@types/minimatch/index.d.ts'
[17:14:39.273] Adding entry into typings cache: 'minimist' => '/home/shath/.cache/typescript/4.2/node_modules/@types/minimist/index.d.ts'
[17:14:39.309] Adding entry into typings cache: 'mkdirp' => '/home/shath/.cache/typescript/4.2/node_modules/@types/mkdirp/index.d.ts'
[17:14:39.363] Adding entry into typings cache: 'ms' => '/home/shath/.cache/typescript/4.2/node_modules/@types/ms/index.d.ts'
[17:14:39.392] Adding entry into typings cache: 'mute-stream' => '/home/shath/.cache/typescript/4.2/node_modules/@types/mute-stream/index.d.ts'
[17:14:39.416] Adding entry into typings cache: 'natural-compare' => '/home/shath/.cache/typescript/4.2/node_modules/@types/natural-compare/index.d.ts'
[17:14:39.427] Adding entry into typings cache: 'negotiator' => '/home/shath/.cache/typescript/4.2/node_modules/@types/negotiator/index.d.ts'
[17:14:39.434] Adding entry into typings cache: 'nice-try' => '/home/shath/.cache/typescript/4.2/node_modules/@types/nice-try/index.d.ts'
[17:14:39.457] Adding entry into typings cache: 'node-fetch' => '/home/shath/.cache/typescript/4.2/node_modules/@types/node-fetch/index.d.ts'
[17:14:39.531] Adding entry into typings cache: 'node-forge' => '/home/shath/.cache/typescript/4.2/node_modules/@types/node-forge/index.d.ts'
[17:14:39.580] Adding entry into typings cache: 'node-int64' => '/home/shath/.cache/typescript/4.2/node_modules/@types/node-int64/index.d.ts'
[17:14:39.610] Adding entry into typings cache: 'node-notifier' => '/home/shath/.cache/typescript/4.2/node_modules/@types/node-notifier/index.d.ts'
[17:14:39.644] Adding entry into typings cache: 'nodemailer' => '/home/shath/.cache/typescript/4.2/node_modules/@types/nodemailer/index.d.ts'
[17:14:39.667] Adding entry into typings cache: 'normalize-package-data' => '/home/shath/.cache/typescript/4.2/node_modules/@types/normalize-package-data/index.d.ts'
[17:14:39.678] Adding entry into typings cache: 'normalize-path' => '/home/shath/.cache/typescript/4.2/node_modules/@types/normalize-path/index.d.ts'
[17:14:39.729] Adding entry into typings cache: 'object-assign' => '/home/shath/.cache/typescript/4.2/node_modules/@types/object-assign/index.d.ts'
[17:14:39.791] Adding entry into typings cache: 'object-inspect' => '/home/shath/.cache/typescript/4.2/node_modules/@types/object-inspect/index.d.ts'
[17:14:39.834] Adding entry into typings cache: 'object-keys' => '/home/shath/.cache/typescript/4.2/node_modules/@types/object-keys/index.d.ts'
[17:14:39.863] Adding entry into typings cache: 'object.fromentries' => '/home/shath/.cache/typescript/4.2/node_modules/@types/object.fromentries/index.d.ts'
[17:14:39.912] Adding entry into typings cache: 'object.pick' => '/home/shath/.cache/typescript/4.2/node_modules/@types/object.pick/index.d.ts'
[17:14:40.090] Adding entry into typings cache: 'on-finished' => '/home/shath/.cache/typescript/4.2/node_modules/@types/on-finished/index.d.ts'
[17:14:40.398] Adding entry into typings cache: 'on-headers' => '/home/shath/.cache/typescript/4.2/node_modules/@types/on-headers/index.d.ts'
[17:14:40.414] Adding entry into typings cache: 'once' => '/home/shath/.cache/typescript/4.2/node_modules/@types/once/index.d.ts'
[17:14:40.466] Adding entry into typings cache: 'os-tmpdir' => '/home/shath/.cache/typescript/4.2/node_modules/@types/os-tmpdir/index.d.ts'
[17:14:40.485] Adding entry into typings cache: 'parse-json' => '/home/shath/.cache/typescript/4.2/node_modules/@types/parse-json/index.d.ts'
[17:14:40.548] Adding entry into typings cache: 'parse5' => '/home/shath/.cache/typescript/4.2/node_modules/@types/parse5/index.d.ts'
[17:14:40.568] Adding entry into typings cache: 'parseurl' => '/home/shath/.cache/typescript/4.2/node_modules/@types/parseurl/index.d.ts'
[17:14:40.578] Adding entry into typings cache: 'pascalcase' => '/home/shath/.cache/typescript/4.2/node_modules/@types/pascalcase/index.d.ts'
[17:14:40.580] Adding entry into typings cache: 'path-is-absolute' => '/home/shath/.cache/typescript/4.2/node_modules/@types/path-is-absolute/index.d.ts'
[17:14:40.597] Adding entry into typings cache: 'path-parse' => '/home/shath/.cache/typescript/4.2/node_modules/@types/path-parse/index.d.ts'
[17:14:40.622] Adding entry into typings cache: 'picomatch' => '/home/shath/.cache/typescript/4.2/node_modules/@types/picomatch/index.d.ts'
[17:14:40.642] Adding entry into typings cache: 'pify' => '/home/shath/.cache/typescript/4.2/node_modules/@types/pify/index.d.ts'
[17:14:40.655] Adding entry into typings cache: 'plist' => '/home/shath/.cache/typescript/4.2/node_modules/@types/plist/index.d.ts'
[17:14:40.666] Adding entry into typings cache: 'plugin-error' => '/home/shath/.cache/typescript/4.2/node_modules/@types/plugin-error/index.d.ts'
[17:14:40.668] Adding entry into typings cache: 'prelude-ls' => '/home/shath/.cache/typescript/4.2/node_modules/@types/prelude-ls/index.d.ts'
[17:14:40.684] Adding entry into typings cache: 'prettier' => '/home/shath/.cache/typescript/4.2/node_modules/@types/prettier/index.d.ts'
[17:14:40.686] Adding entry into typings cache: 'prettier-linter-helpers' => '/home/shath/.cache/typescript/4.2/node_modules/@types/prettier-linter-helpers/index.d.ts'
[17:14:40.688] Adding entry into typings cache: 'progress' => '/home/shath/.cache/typescript/4.2/node_modules/@types/progress/index.d.ts'
[17:14:40.695] Adding entry into typings cache: 'prompts' => '/home/shath/.cache/typescript/4.2/node_modules/@types/prompts/index.d.ts'
[17:14:40.722] Adding entry into typings cache: 'prop-types' => '/home/shath/.cache/typescript/4.2/node_modules/@types/prop-types/index.d.ts'
[17:14:40.726] Adding entry into typings cache: 'psl' => '/home/shath/.cache/typescript/4.2/node_modules/@types/psl/index.d.ts'
[17:14:40.806] Adding entry into typings cache: 'pump' => '/home/shath/.cache/typescript/4.2/node_modules/@types/pump/index.d.ts'
[17:14:40.814] Adding entry into typings cache: 'punycode' => '/home/shath/.cache/typescript/4.2/node_modules/@types/punycode/index.d.ts'
[17:14:40.857] Adding entry into typings cache: 'qs' => '/home/shath/.cache/typescript/4.2/node_modules/@types/qs/index.d.ts'
[17:14:40.894] Adding entry into typings cache: 'range-parser' => '/home/shath/.cache/typescript/4.2/node_modules/@types/range-parser/index.d.ts'
[17:14:40.938] Adding entry into typings cache: 'react' => '/home/shath/.cache/typescript/4.2/node_modules/@types/react/index.d.ts'
[17:14:40.960] Adding entry into typings cache: 'react-dom' => '/home/shath/.cache/typescript/4.2/node_modules/@types/react-dom/index.d.ts'
[17:14:41.019] Adding entry into typings cache: 'react-is' => '/home/shath/.cache/typescript/4.2/node_modules/@types/react-is/index.d.ts'
[17:14:41.051] Adding entry into typings cache: 'react-native' => '/home/shath/.cache/typescript/4.2/node_modules/@types/react-native/index.d.ts'
[17:14:41.077] Adding entry into typings cache: 'react-redux' => '/home/shath/.cache/typescript/4.2/node_modules/@types/react-redux/index.d.ts'
[17:14:41.105] Adding entry into typings cache: 'react-test-renderer' => '/home/shath/.cache/typescript/4.2/node_modules/@types/react-test-renderer/index.d.ts'
[17:14:41.152] Adding entry into typings cache: 'readable-stream' => '/home/shath/.cache/typescript/4.2/node_modules/@types/readable-stream/index.d.ts'
[17:14:41.174] Adding entry into typings cache: 'regenerator-runtime' => '/home/shath/.cache/typescript/4.2/node_modules/@types/regenerator-runtime/index.d.ts'
[17:14:41.200] Adding entry into typings cache: 'repeat-element' => '/home/shath/.cache/typescript/4.2/node_modules/@types/repeat-element/index.d.ts'
[17:14:41.224] Adding entry into typings cache: 'repeat-string' => '/home/shath/.cache/typescript/4.2/node_modules/@types/repeat-string/index.d.ts'
[17:14:41.250] Adding entry into typings cache: 'request' => '/home/shath/.cache/typescript/4.2/node_modules/@types/request/index.d.ts'
[17:14:41.299] Adding entry into typings cache: 'request-promise-native' => '/home/shath/.cache/typescript/4.2/node_modules/@types/request-promise-native/index.d.ts'
[17:14:41.321] Adding entry into typings cache: 'require-directory' => '/home/shath/.cache/typescript/4.2/node_modules/@types/require-directory/index.d.ts'
[17:14:41.329] Adding entry into typings cache: 'require-from-string' => '/home/shath/.cache/typescript/4.2/node_modules/@types/require-from-string/index.d.ts'
[17:14:41.342] Adding entry into typings cache: 'resolve' => '/home/shath/.cache/typescript/4.2/node_modules/@types/resolve/index.d.ts'
[17:14:41.347] Adding entry into typings cache: 'rimraf' => '/home/shath/.cache/typescript/4.2/node_modules/@types/rimraf/index.d.ts'
[17:14:41.361] Adding entry into typings cache: 'rsvp' => '/home/shath/.cache/typescript/4.2/node_modules/@types/rsvp/index.d.ts'
[17:14:41.368] Adding entry into typings cache: 'rx-lite' => '/home/shath/.cache/typescript/4.2/node_modules/@types/rx-lite/index.d.ts'
[17:14:41.378] Adding entry into typings cache: 'rx-lite-aggregates' => '/home/shath/.cache/typescript/4.2/node_modules/@types/rx-lite-aggregates/index.d.ts'
[17:14:41.396] Adding entry into typings cache: 'safe-regex' => '/home/shath/.cache/typescript/4.2/node_modules/@types/safe-regex/index.d.ts'
[17:14:41.408] Adding entry into typings cache: 'safer-buffer' => '/home/shath/.cache/typescript/4.2/node_modules/@types/safer-buffer/index.d.ts'
[17:14:41.422] Adding entry into typings cache: 'sane' => '/home/shath/.cache/typescript/4.2/node_modules/@types/sane/index.d.ts'
[17:14:41.426] Adding entry into typings cache: 'sax' => '/home/shath/.cache/typescript/4.2/node_modules/@types/sax/index.d.ts'
[17:14:41.457] Adding entry into typings cache: 'scheduler' => '/home/shath/.cache/typescript/4.2/node_modules/@types/scheduler/index.d.ts'
[17:14:41.484] Adding entry into typings cache: 'semver' => '/home/shath/.cache/typescript/4.2/node_modules/@types/semver/index.d.ts'
[17:14:41.527] Adding entry into typings cache: 'send' => '/home/shath/.cache/typescript/4.2/node_modules/@types/send/index.d.ts'
[17:14:41.546] Adding entry into typings cache: 'serve-static' => '/home/shath/.cache/typescript/4.2/node_modules/@types/serve-static/index.d.ts'
[17:14:41.623] Adding entry into typings cache: 'set-value' => '/home/shath/.cache/typescript/4.2/node_modules/@types/set-value/index.d.ts'
[17:14:41.672] Adding entry into typings cache: 'setimmediate' => '/home/shath/.cache/typescript/4.2/node_modules/@types/setimmediate/index.d.ts'
[17:14:41.683] Adding entry into typings cache: 'shebang-command' => '/home/shath/.cache/typescript/4.2/node_modules/@types/shebang-command/index.d.ts'
[17:14:41.716] Adding entry into typings cache: 'shell-quote' => '/home/shath/.cache/typescript/4.2/node_modules/@types/shell-quote/index.d.ts'
[17:14:41.776] Adding entry into typings cache: 'signal-exit' => '/home/shath/.cache/typescript/4.2/node_modules/@types/signal-exit/index.d.ts'
[17:14:41.800] Adding entry into typings cache: 'slice-ansi' => '/home/shath/.cache/typescript/4.2/node_modules/@types/slice-ansi/index.d.ts'
[17:14:41.820] Adding entry into typings cache: 'source-map-support' => '/home/shath/.cache/typescript/4.2/node_modules/@types/source-map-support/index.d.ts'
[17:14:41.867] Adding entry into typings cache: 'spdx-correct' => '/home/shath/.cache/typescript/4.2/node_modules/@types/spdx-correct/index.d.ts'
[17:14:41.887] Adding entry into typings cache: 'spdx-expression-parse' => '/home/shath/.cache/typescript/4.2/node_modules/@types/spdx-expression-parse/index.d.ts'
[17:14:41.949] Adding entry into typings cache: 'sprintf' => '/home/shath/.cache/typescript/4.2/node_modules/@types/sprintf/index.d.ts'
[17:14:41.978] Adding entry into typings cache: 'sprintf-js' => '/home/shath/.cache/typescript/4.2/node_modules/@types/sprintf-js/index.d.ts'
[17:14:42.052] Adding entry into typings cache: 'sshpk' => '/home/shath/.cache/typescript/4.2/node_modules/@types/sshpk/index.d.ts'
[17:14:42.054] Adding entry into typings cache: 'stack-utils' => '/home/shath/.cache/typescript/4.2/node_modules/@types/stack-utils/index.d.ts'
[17:14:42.072] Adding entry into typings cache: 'statuses' => '/home/shath/.cache/typescript/4.2/node_modules/@types/statuses/index.d.ts'
[17:14:42.149] Adding entry into typings cache: 'stream-buffers' => '/home/shath/.cache/typescript/4.2/node_modules/@types/stream-buffers/index.d.ts'
[17:14:42.158] Adding entry into typings cache: 'string.prototype.matchall' => '/home/shath/.cache/typescript/4.2/node_modules/@types/string.prototype.matchall/index.d.ts'
[17:14:42.203] Adding entry into typings cache: 'supports-color' => '/home/shath/.cache/typescript/4.2/node_modules/@types/supports-color/index.d.ts'
[17:14:42.240] Adding entry into typings cache: 'symbol-tree' => '/home/shath/.cache/typescript/4.2/node_modules/@types/symbol-tree/index.d.ts'
[17:14:42.312] Adding entry into typings cache: 'table' => '/home/shath/.cache/typescript/4.2/node_modules/@types/table/index.d.ts'
[17:14:42.330] Adding entry into typings cache: 'temp' => '/home/shath/.cache/typescript/4.2/node_modules/@types/temp/index.d.ts'
[17:14:42.357] Adding entry into typings cache: 'text-table' => '/home/shath/.cache/typescript/4.2/node_modules/@types/text-table/index.d.ts'
[17:14:42.419] Adding entry into typings cache: 'through' => '/home/shath/.cache/typescript/4.2/node_modules/@types/through/index.d.ts'
[17:14:42.460] Adding entry into typings cache: 'through2' => '/home/shath/.cache/typescript/4.2/node_modules/@types/through2/index.d.ts'
[17:14:42.554] Adding entry into typings cache: 'tmp' => '/home/shath/.cache/typescript/4.2/node_modules/@types/tmp/index.d.ts'
[17:14:42.658] Adding entry into typings cache: 'tough-cookie' => '/home/shath/.cache/typescript/4.2/node_modules/@types/tough-cookie/index.d.ts'
[17:14:42.737] Adding entry into typings cache: 'type-check' => '/home/shath/.cache/typescript/4.2/node_modules/@types/type-check/index.d.ts'
[17:14:42.792] Adding entry into typings cache: 'type-detect' => '/home/shath/.cache/typescript/4.2/node_modules/@types/type-detect/index.d.ts'
[17:14:42.920] Adding entry into typings cache: 'ua-parser-js' => '/home/shath/.cache/typescript/4.2/node_modules/@types/ua-parser-js/index.d.ts'
[17:14:42.988] Adding entry into typings cache: 'uglify-es' => '/home/shath/.cache/typescript/4.2/node_modules/@types/uglify-es/index.d.ts'
[17:14:43.045] Adding entry into typings cache: 'universalify' => '/home/shath/.cache/typescript/4.2/node_modules/@types/universalify/index.d.ts'
[17:14:43.140] Adding entry into typings cache: 'urix' => '/home/shath/.cache/typescript/4.2/node_modules/@types/urix/index.d.ts'
[17:14:43.300] Adding entry into typings cache: 'url-template' => '/home/shath/.cache/typescript/4.2/node_modules/@types/url-template/index.d.ts'
[17:14:43.426] Adding entry into typings cache: 'use-subscription' => '/home/shath/.cache/typescript/4.2/node_modules/@types/use-subscription/index.d.ts'
[17:14:43.502] Adding entry into typings cache: 'util-deprecate' => '/home/shath/.cache/typescript/4.2/node_modules/@types/util-deprecate/index.d.ts'
[17:14:43.586] Adding entry into typings cache: 'utils-merge' => '/home/shath/.cache/typescript/4.2/node_modules/@types/utils-merge/index.d.ts'
[17:14:43.672] Adding entry into typings cache: 'uuid' => '/home/shath/.cache/typescript/4.2/node_modules/@types/uuid/index.d.ts'
[17:14:43.711] Adding entry into typings cache: 'validate-npm-package-license' => '/home/shath/.cache/typescript/4.2/node_modules/@types/validate-npm-package-license/index.d.ts'
[17:14:43.728] Adding entry into typings cache: 'vary' => '/home/shath/.cache/typescript/4.2/node_modules/@types/vary/index.d.ts'
[17:14:43.764] Adding entry into typings cache: 'verror' => '/home/shath/.cache/typescript/4.2/node_modules/@types/verror/index.d.ts'
[17:14:43.782] Adding entry into typings cache: 'w3c-xmlserializer' => '/home/shath/.cache/typescript/4.2/node_modules/@types/w3c-xmlserializer/index.d.ts'
[17:14:43.796] Adding entry into typings cache: 'wcwidth' => '/home/shath/.cache/typescript/4.2/node_modules/@types/wcwidth/index.d.ts'
[17:14:43.831] Adding entry into typings cache: 'webidl-conversions' => '/home/shath/.cache/typescript/4.2/node_modules/@types/webidl-conversions/index.d.ts'
[17:14:43.851] Adding entry into typings cache: 'whatwg-encoding' => '/home/shath/.cache/typescript/4.2/node_modules/@types/whatwg-encoding/index.d.ts'
[17:14:43.858] Adding entry into typings cache: 'whatwg-mimetype' => '/home/shath/.cache/typescript/4.2/node_modules/@types/whatwg-mimetype/index.d.ts'
[17:14:43.893] Adding entry into typings cache: 'whatwg-url' => '/home/shath/.cache/typescript/4.2/node_modules/@types/whatwg-url/index.d.ts'
[17:14:43.898] Adding entry into typings cache: 'which' => '/home/shath/.cache/typescript/4.2/node_modules/@types/which/index.d.ts'
[17:14:43.900] Adding entry into typings cache: 'wordwrap' => '/home/shath/.cache/typescript/4.2/node_modules/@types/wordwrap/index.d.ts'
[17:14:43.943] Adding entry into typings cache: 'wrap-ansi' => '/home/shath/.cache/typescript/4.2/node_modules/@types/wrap-ansi/index.d.ts'
[17:14:43.979] Adding entry into typings cache: 'write-file-atomic' => '/home/shath/.cache/typescript/4.2/node_modules/@types/write-file-atomic/index.d.ts'
[17:14:44.001] Adding entry into typings cache: 'ws' => '/home/shath/.cache/typescript/4.2/node_modules/@types/ws/index.d.ts'
[17:14:44.016] Adding entry into typings cache: 'xmldoc' => '/home/shath/.cache/typescript/4.2/node_modules/@types/xmldoc/index.d.ts'
[17:14:44.033] Adding entry into typings cache: 'xmldom' => '/home/shath/.cache/typescript/4.2/node_modules/@types/xmldom/index.d.ts'
[17:14:44.052] Adding entry into typings cache: 'xtend' => '/home/shath/.cache/typescript/4.2/node_modules/@types/xtend/index.d.ts'
[17:14:44.102] Adding entry into typings cache: 'y18n' => '/home/shath/.cache/typescript/4.2/node_modules/@types/y18n/index.d.ts'
[17:14:44.186] Adding entry into typings cache: 'yallist' => '/home/shath/.cache/typescript/4.2/node_modules/@types/yallist/index.d.ts'
[17:14:44.259] Adding entry into typings cache: 'yargs' => '/home/shath/.cache/typescript/4.2/node_modules/@types/yargs/index.d.ts'
[17:14:44.323] Adding entry into typings cache: 'yargs-parser' => '/home/shath/.cache/typescript/4.2/node_modules/@types/yargs-parser/index.d.ts'
[17:14:44.323] Finished processing cache location '/home/shath/.cache/typescript/4.2'
[17:14:44.324] Process id: 17754
[17:14:44.324] NPM location: /home/shath/.nvm/versions/node/v14.16.0/bin/npm (explicit '--npmLocation' not  provided)
[17:14:44.324] validateDefaultNpmLocation: false
[17:14:44.325] Npm config file: /home/shath/.cache/typescript/4.2/package.json
[17:14:44.325] Updating types-registry npm package...
[17:14:44.325] Exec: /home/shath/.nvm/versions/node/v14.16.0/bin/npm install --ignore-scripts types-registry@latest
[17:14:51.994]     Succeeded. stdout:
    
    changed 1 package, and audited 325 packages in 7s

1 package is looking for funding
  run `npm fund` for details

found 0 vulnerabilities

[17:14:51.994] Updated types-registry npm package
